3
4
3 4
0 1 2 3 4 5 6 7 8 9 
3 4 7 8 
0 1 2 3 4 5 
1 2 3 4 5 6 7 8 9 10 11 12 13 39 40 41 42 43


5 15
2 3 0 5 12
5 5 10 5 11
5 30
2 3 0 5 12
5 5 10 5 11
5 30
2 3 0 5 12
5 5 10 5 10
15 20
2 2 2 2 2 2 2 2 2 10 10 10 10 10 10
1 1 1 1 1 1 1 1 1 1 10 10 10 10 10
10 60
1 2 3 4 5 6 7 8 9 10
5 5 5 5 5 10 10 10 10 20
7 14
1 2 3 4 5 6 7
1 1 1 1 1 1 100
50 220
1   2 3 4 5 6 7 8 9 10 11 12 13 14 15 16 17 18 19 20 21 22 23 24 25 26 27 28 29 30 31 32 33 34 35 36 37 38 39 40 41 42 43 44 45 46 47 48 49 50
500 1 6 4 5 6 7 8 9 10 10 12 13 14 15 16 17 18 19 20 10 22 23 24 25 26 27 28 29 30 31 32 33 34 35 36 37 38 39 1  1  1  1  1  1  1  1  1  1  1